{
  "RSpec": {
    "coverage": {
      "/home/dennis/Documents/master/courses/tapoo/opendoor/opendoor/config/environment.rb": [
        null,
        1,
        null,
        null,
        1
      ],
      "/home/dennis/Documents/master/courses/tapoo/opendoor/opendoor/config/application.rb": [
        1,
        null,
        1,
        null,
        1,
        1,
        1,
        1,
        1,
        1,
        1,
        1,
        null,
        null,
        null,
        null,
        1,
        null,
        1,
        1,
        null,
        1,
        1,
        1,
        null,
        null,
        null,
        null,
        null,
        null,
        1,
        null,
        null
      ],
      "/home/dennis/Documents/master/courses/tapoo/opendoor/opendoor/config/boot.rb": [
        1,
        null,
        1
      ],
      "/home/dennis/Documents/master/courses/tapoo/opendoor/opendoor/config/environments/test.rb": [
        1,
        null,
        null,
        null,
        null,
        null,
        null,
        1,
        null,
        null,
        null,
        null,
        1,
        null,
        null,
        1,
        1,
        null,
        null,
        null,
        null,
        1,
        1,
        null,
        null,
        1,
        null,
        null,
        1,
        1,
        null,
        null,
        null,
        null,
        1,
        null,
        null,
        1,
        null,
        null,
        null,
        null
      ],
      "/home/dennis/Documents/master/courses/tapoo/opendoor/opendoor/config/initializers/application_controller_renderer.rb": [
        null,
        null,
        null,
        null,
        null,
        null,
        null,
        null
      ],
      "/home/dennis/Documents/master/courses/tapoo/opendoor/opendoor/config/initializers/assets.rb": [
        null,
        null,
        null,
        1,
        null,
        null,
        null,
        null,
        1,
        null,
        null,
        null,
        null,
        null
      ],
      "/home/dennis/Documents/master/courses/tapoo/opendoor/opendoor/config/initializers/backtrace_silencers.rb": [
        null,
        null,
        null,
        null,
        null,
        null,
        null
      ],
      "/home/dennis/Documents/master/courses/tapoo/opendoor/opendoor/config/initializers/cookies_serializer.rb": [
        null,
        null,
        null,
        null,
        1
      ],
      "/home/dennis/Documents/master/courses/tapoo/opendoor/opendoor/config/initializers/filter_parameter_logging.rb": [
        null,
        null,
        null,
        1
      ],
      "/home/dennis/Documents/master/courses/tapoo/opendoor/opendoor/config/initializers/inflections.rb": [
        null,
        null,
        null,
        null,
        null,
        null,
        null,
        null,
        null,
        null,
        null,
        null,
        null,
        null,
        null,
        null
      ],
      "/home/dennis/Documents/master/courses/tapoo/opendoor/opendoor/config/initializers/mime_types.rb": [
        null,
        null,
        null,
        null
      ],
      "/home/dennis/Documents/master/courses/tapoo/opendoor/opendoor/config/initializers/sidekiq.rb": [
        1,
        0,
        null,
        null,
        1,
        1,
        null
      ],
      "/home/dennis/Documents/master/courses/tapoo/opendoor/opendoor/config/initializers/wrap_parameters.rb": [
        null,
        null,
        null,
        null,
        null,
        null,
        1,
        2,
        null,
        null,
        null,
        null,
        null,
        null
      ],
      "/home/dennis/Documents/master/courses/tapoo/opendoor/opendoor/app/models/air_quality.rb": [
        1,
        1,
        1,
        1,
        1,
        1,
        null,
        1,
        null,
        1,
        null,
        null,
        null,
        null,
        null,
        null,
        null,
        null,
        null,
        null,
        3,
        null,
        null,
        null,
        1,
        null,
        null,
        null,
        null,
        null,
        null,
        null,
        null,
        null,
        3,
        null,
        null,
        null,
        1,
        0,
        0,
        null,
        null,
        null,
        null,
        null,
        0,
        null,
        null,
        1,
        0,
        0,
        null,
        null,
        null,
        null,
        null,
        null,
        null,
        0,
        null,
        null,
        1,
        0,
        0,
        0,
        null,
        null,
        null,
        null,
        null,
        null,
        null,
        null,
        null,
        null,
        0,
        null,
        null,
        1,
        1,
        null,
        null
      ],
      "/home/dennis/Documents/master/courses/tapoo/opendoor/opendoor/app/models/application_record.rb": [
        1,
        1,
        null
      ],
      "/home/dennis/Documents/master/courses/tapoo/opendoor/opendoor/app/models/interscity_resource.rb": [
        1,
        1,
        null,
        1,
        5,
        5,
        null,
        null,
        null,
        1,
        0,
        null,
        null,
        1,
        8,
        0,
        null,
        null,
        8,
        8,
        8,
        null,
        null,
        1,
        106,
        106,
        111,
        null,
        null,
        null,
        null,
        111,
        111,
        111,
        111,
        null,
        0,
        null,
        null,
        null,
        null,
        1,
        106,
        0,
        null,
        null,
        106,
        106,
        null,
        106,
        106,
        null,
        106,
        98,
        98,
        98,
        98,
        98,
        98,
        0,
        0,
        null,
        null,
        8,
        null,
        null,
        null,
        1,
        100,
        100,
        100,
        100,
        100,
        100,
        0,
        0,
        null,
        null,
        0,
        null,
        null,
        null
      ],
      "/home/dennis/Documents/master/courses/tapoo/opendoor/opendoor/app/models/bike_station.rb": [
        1,
        1,
        1,
        1,
        1,
        1,
        1,
        null,
        1,
        null,
        1,
        null,
        null,
        null,
        null,
        null,
        null,
        null,
        3,
        null,
        null,
        null,
        null,
        null,
        null,
        null,
        null,
        null,
        null,
        1,
        null,
        null,
        null,
        null,
        null,
        null,
        3,
        null,
        null,
        1,
        null,
        null,
        null,
        0,
        null,
        null,
        1,
        0,
        0,
        null,
        null,
        null,
        null,
        null,
        null,
        null,
        null,
        null,
        0,
        null,
        null,
        1,
        null,
        null,
        null,
        null,
        null,
        null,
        null,
        0,
        null,
        null,
        1,
        0,
        null,
        null
      ],
      "/home/dennis/Documents/master/courses/tapoo/opendoor/opendoor/app/models/news.rb": [
        1,
        1,
        1,
        1,
        1,
        1,
        1,
        null,
        1,
        null,
        1,
        null,
        null,
        null,
        null,
        null,
        null,
        null,
        null,
        null,
        null,
        null,
        3,
        null,
        null,
        null,
        1,
        null,
        null,
        null,
        null,
        null,
        null,
        3,
        null,
        null,
        1,
        0,
        0,
        null,
        null,
        null,
        null,
        null,
        0,
        null,
        null,
        1,
        0,
        0,
        null,
        null,
        null,
        null,
        null,
        null,
        null,
        null,
        0,
        null,
        null,
        1,
        null,
        null,
        null,
        null,
        null,
        null,
        null,
        null,
        0,
        null,
        null,
        1,
        0,
        null,
        null
      ],
      "/home/dennis/Documents/master/courses/tapoo/opendoor/opendoor/config/routes.rb": [
        1,
        1,
        null,
        1,
        null,
        null,
        1,
        1,
        1,
        1,
        1,
        1,
        1,
        1,
        1,
        1,
        1,
        1,
        1,
        1,
        1,
        1,
        1,
        1,
        1,
        null
      ],
      "/home/dennis/Documents/master/courses/tapoo/opendoor/opendoor/app/helpers/application_helper.rb": [
        1,
        null
      ],
      "/home/dennis/Documents/master/courses/tapoo/opendoor/opendoor/app/controllers/application_controller.rb": [
        1,
        1,
        14,
        null,
        1,
        null,
        null
      ],
      "/home/dennis/Documents/master/courses/tapoo/opendoor/opendoor/app/controllers/platforms_controller.rb": [
        1,
        1,
        1,
        null,
        null,
        1,
        0,
        null,
        null,
        1,
        2,
        2,
        1,
        null,
        1,
        null,
        null,
        null,
        1,
        1,
        null,
        null,
        1,
        0,
        0,
        null,
        null,
        1,
        null,
        1,
        2,
        null,
        null
      ],
      "/home/dennis/Documents/master/courses/tapoo/opendoor/opendoor/app/controllers/resources_controller.rb": [
        1,
        1,
        null,
        1,
        1,
        1,
        3,
        null,
        null,
        null,
        1,
        2,
        2,
        null,
        2,
        null,
        null,
        1,
        2,
        2,
        null,
        2,
        null,
        null,
        1,
        1,
        1,
        null,
        1,
        null,
        null,
        1,
        1,
        1,
        null,
        null,
        1,
        1,
        null,
        null,
        null,
        null,
        null,
        null,
        1,
        null,
        null,
        1,
        0,
        0,
        null,
        0,
        null,
        null,
        1,
        null,
        1,
        0,
        null,
        null,
        null,
        null
      ],
      "/home/dennis/Documents/master/courses/tapoo/opendoor/opendoor/app/models/weather.rb": [
        1,
        1,
        1,
        1,
        1,
        1,
        1,
        null,
        1,
        null,
        1,
        200,
        200,
        3,
        null,
        null,
        null,
        1,
        2,
        null,
        null,
        1,
        null,
        null,
        null,
        null,
        null,
        null,
        null,
        null,
        null,
        null,
        null,
        null,
        null,
        97,
        null,
        null,
        null,
        1,
        null,
        null,
        null,
        null,
        null,
        null,
        null,
        null,
        null,
        null,
        null,
        96,
        null,
        null,
        null,
        1,
        null,
        null,
        null,
        0,
        null,
        null,
        1,
        1,
        1,
        null,
        null,
        null,
        null,
        null,
        null,
        null,
        null,
        null,
        null,
        1,
        null,
        null,
        1,
        0,
        0,
        0,
        null,
        null,
        null,
        null,
        null,
        null,
        null,
        null,
        null,
        null,
        0,
        null,
        null,
        1,
        0,
        null,
        null,
        1,
        203,
        null,
        null
      ],
      "/home/dennis/Documents/master/courses/tapoo/opendoor/opendoor/app/models/platform.rb": [
        1,
        1,
        null
      ],
      "/home/dennis/Documents/master/courses/tapoo/opendoor/opendoor/app/workers/accuweather_gatherer_worker.rb": [
        1,
        null,
        1,
        1,
        null,
        1,
        null,
        1,
        0,
        null,
        null,
        1,
        0,
        null,
        null,
        1,
        2,
        2,
        2,
        2,
        2,
        null,
        null,
        1,
        188,
        0,
        null,
        188,
        188,
        null,
        null,
        1,
        4,
        4,
        null,
        null,
        1,
        2,
        null,
        null,
        1,
        188,
        0,
        0,
        0,
        null,
        null,
        null,
        188,
        188,
        188,
        188,
        null,
        188,
        188,
        null,
        188,
        188,
        188,
        null,
        188,
        188,
        188,
        188,
        188,
        188,
        188,
        null,
        188,
        188,
        188,
        188,
        188,
        188,
        188,
        188,
        null,
        188,
        null,
        null,
        null,
        null,
        null,
        null,
        null,
        null,
        null,
        null,
        null,
        null,
        null,
        188,
        null,
        null,
        1,
        3,
        2,
        null,
        2,
        2,
        188,
        188,
        188,
        188,
        null,
        null,
        null,
        null,
        188,
        188,
        null,
        null,
        null,
        94,
        null,
        94,
        94,
        null,
        null,
        null,
        null,
        null,
        null,
        null,
        null,
        null,
        null,
        null,
        null,
        null,
        null,
        null,
        94,
        null,
        0,
        null,
        94,
        188,
        null,
        null,
        null,
        1,
        94,
        null,
        null,
        1,
        94,
        94,
        94,
        0,
        null,
        null,
        94,
        null,
        null,
        null,
        null,
        null,
        null,
        null,
        null,
        null,
        94,
        94,
        null,
        null
      ],
      "/home/dennis/Documents/master/courses/tapoo/opendoor/opendoor/app/workers/catracalivre_gatherer_worker.rb": [
        1,
        1,
        null,
        1,
        null,
        1,
        0,
        null,
        null,
        1,
        0,
        null,
        null,
        1,
        1,
        1,
        null,
        1,
        2,
        1,
        null,
        1,
        1,
        1,
        1,
        null,
        null,
        null,
        null,
        1,
        1,
        null,
        null,
        null,
        0,
        null,
        0,
        0,
        null,
        null,
        null,
        null,
        null,
        null,
        null,
        null,
        0,
        null,
        0,
        null,
        null,
        1,
        null,
        null,
        null,
        1,
        0,
        null,
        null,
        1,
        1,
        null,
        null,
        null,
        null,
        null,
        null,
        null,
        null,
        1,
        1,
        1,
        null,
        0,
        null,
        null,
        null
      ],
      "/home/dennis/Documents/master/courses/tapoo/opendoor/opendoor/app/workers/cetesb_gatherer_worker.rb": [
        1,
        null,
        1,
        1,
        null,
        1,
        null,
        1,
        0,
        null,
        null,
        1,
        0,
        null,
        null,
        1,
        2,
        2,
        2,
        2,
        2,
        null,
        null,
        1,
        2,
        null,
        2,
        null,
        2,
        null,
        0,
        null,
        0,
        null,
        0,
        null,
        0,
        null,
        null,
        null,
        1,
        2,
        null,
        null,
        1,
        2,
        null,
        null,
        1,
        2,
        null,
        null,
        1,
        2,
        2,
        0,
        null,
        null,
        2,
        null,
        2,
        4,
        null,
        2,
        null,
        2,
        2,
        2,
        2,
        2,
        null,
        2,
        null,
        null,
        null,
        null,
        2,
        2,
        0,
        null,
        null,
        2,
        null,
        null,
        null,
        1,
        null,
        1,
        1,
        null,
        null,
        null,
        null,
        null,
        null,
        null,
        1,
        null,
        0,
        null,
        1,
        2,
        null,
        null,
        null,
        1,
        1,
        null,
        null,
        1,
        1,
        null,
        1,
        0,
        null,
        null,
        1,
        null,
        null,
        null,
        null,
        null,
        null,
        null,
        null,
        1,
        1,
        null,
        null
      ],
      "/home/dennis/Documents/master/courses/tapoo/opendoor/opendoor/app/workers/citybik_gatherer_worker.rb": [
        1,
        1,
        null,
        1,
        null,
        1,
        0,
        null,
        null,
        1,
        0,
        null,
        null,
        1,
        1,
        null,
        1,
        2,
        null,
        1,
        1,
        1,
        1,
        null,
        1,
        1,
        null,
        null,
        null,
        null,
        1,
        1,
        null,
        null,
        null,
        0,
        null,
        0,
        0,
        null,
        null,
        null,
        null,
        null,
        null,
        0,
        null,
        null,
        null,
        null,
        null,
        null,
        null,
        null,
        0,
        null,
        0,
        null,
        1,
        1,
        null,
        null,
        null,
        null,
        1,
        0,
        null,
        null,
        1,
        1,
        null,
        null,
        null,
        null,
        null,
        null,
        null,
        null,
        null,
        1,
        1,
        1,
        null,
        0,
        null,
        null,
        null
      ],
      "/home/dennis/Documents/master/courses/tapoo/opendoor/opendoor/app/workers/initiative_registration_worker.rb": [
        1,
        1,
        null,
        1,
        1,
        1,
        null,
        1,
        null,
        null,
        null,
        null,
        1,
        null,
        1,
        null,
        1,
        1,
        null,
        null,
        null,
        null,
        null,
        null,
        null,
        1,
        null,
        null,
        1,
        1,
        null,
        null,
        1,
        1,
        1,
        0,
        null,
        null,
        1,
        null,
        null,
        null,
        null,
        null,
        null,
        null,
        null,
        null,
        1,
        1,
        null,
        null
      ],
      "/home/dennis/Documents/master/courses/tapoo/opendoor/opendoor/app/workers/sp_data_worker.rb": [
        1,
        1,
        null,
        null,
        null,
        null,
        null,
        1,
        null,
        1,
        0,
        null,
        null,
        1,
        0,
        null,
        null,
        null,
        null,
        null,
        null,
        1,
        1,
        1,
        1,
        1,
        1,
        1,
        0,
        0,
        null,
        0,
        0,
        0,
        0,
        null,
        0,
        0,
        0,
        null,
        0,
        0,
        0,
        null,
        null,
        null,
        1,
        null,
        null,
        null
      ],
      "/home/dennis/Documents/master/courses/tapoo/opendoor/opendoor/app/models/initiative.rb": [
        1,
        1,
        1,
        null,
        1,
        null,
        1,
        0,
        0,
        0,
        0,
        null,
        null,
        1,
        null,
        null,
        null,
        null,
        null,
        1,
        null,
        null,
        null,
        null,
        null,
        null,
        null,
        null,
        null,
        null,
        null,
        null,
        null,
        1,
        null,
        null,
        null,
        null,
        null,
        null,
        null,
        null,
        null,
        1,
        null,
        null,
        null,
        1,
        null,
        null,
        null,
        0,
        null,
        null,
        1,
        0,
        0,
        null,
        null,
        null,
        null,
        null,
        null,
        null,
        null,
        null,
        null,
        null,
        null,
        null,
        0,
        null,
        null,
        1,
        0,
        null,
        null,
        null,
        null,
        null,
        null,
        null,
        0,
        null,
        null,
        1,
        0,
        null,
        null
      ]
    },
    "timestamp": 1511908439
  }
}
